2025-12-02 15:13:45.050 [main] ERROR o.s.boot.SpringApplication - %PARSER_ERROR[msg]
java.lang.IllegalStateException: java.lang.IllegalStateException: Logback configuration error detected: 
ERROR in ch.qos.logback.core.pattern.parser.Compiler@733037 - Failed to instantiate converter class [com.example.logging.SensitiveDataConverter] for keyword [msg] ch.qos.logback.core.util.DynamicClassLoadingException: Failed to instantiate type com.example.logging.SensitiveDataConverter
ERROR in ch.qos.logback.core.pattern.parser.Compiler@733037 - [msg] is not a valid conversion word
ERROR in ch.qos.logback.core.pattern.parser.Compiler@7728643a - Failed to instantiate converter class [com.example.logging.SensitiveDataConverter] for keyword [msg] ch.qos.logback.core.util.DynamicClassLoadingException: Failed to instantiate type com.example.logging.SensitiveDataConverter
ERROR in ch.qos.logback.core.pattern.parser.Compiler@7728643a - [msg] is not a valid conversion word
	at org.springframework.boot.context.logging.LoggingApplicationListener.initializeSystem(LoggingApplicationListener.java:347)
	at org.springframework.boot.context.logging.LoggingApplicationListener.initialize(LoggingApplicationListener.java:298)
	at org.springframework.boot.context.logging.LoggingApplicationListener.onApplicationEnvironmentPreparedEvent(LoggingApplicationListener.java:246)
	at org.springframework.boot.context.logging.LoggingApplicationListener.onApplicationEvent(LoggingApplicationListener.java:223)
	at org.springframework.context.event.SimpleApplicationEventMulticaster.doInvokeListener(SimpleApplicationEventMulticaster.java:185)
	at org.springframework.context.event.SimpleApplicationEventMulticaster.invokeListener(SimpleApplicationEventMulticaster.java:178)
	at org.springframework.context.event.SimpleApplicationEventMulticaster.multicastEvent(SimpleApplicationEventMulticaster.java:156)
	at org.springframework.context.event.SimpleApplicationEventMulticaster.multicastEvent(SimpleApplicationEventMulticaster.java:138)
	at org.springframework.boot.context.event.EventPublishingRunListener.multicastInitialEvent(EventPublishingRunListener.java:136)
	at org.springframework.boot.context.event.EventPublishingRunListener.environmentPrepared(EventPublishingRunListener.java:81)
	at org.springframework.boot.SpringApplicationRunListeners.lambda$environmentPrepared$2(SpringApplicationRunListeners.java:64)
	at java.base/java.lang.Iterable.forEach(Iterable.java:75)
	at org.springframework.boot.SpringApplicationRunListeners.doWithListeners(SpringApplicationRunListeners.java:118)
	at org.springframework.boot.SpringApplicationRunListeners.doWithListeners(SpringApplicationRunListeners.java:112)
	at org.springframework.boot.SpringApplicationRunListeners.environmentPrepared(SpringApplicationRunListeners.java:63)
	at org.springframework.boot.SpringApplication.prepareEnvironment(SpringApplication.java:370)
	at org.springframework.boot.SpringApplication.run(SpringApplication.java:330)
	at org.springframework.boot.SpringApplication.run(SpringApplication.java:1363)
	at org.springframework.boot.SpringApplication.run(SpringApplication.java:1352)
	at com.qbit.framework.DemoApplication.main(DemoApplication.java:14)
Caused by: java.lang.IllegalStateException: Logback configuration error detected: 
ERROR in ch.qos.logback.core.pattern.parser.Compiler@733037 - Failed to instantiate converter class [com.example.logging.SensitiveDataConverter] for keyword [msg] ch.qos.logback.core.util.DynamicClassLoadingException: Failed to instantiate type com.example.logging.SensitiveDataConverter
ERROR in ch.qos.logback.core.pattern.parser.Compiler@733037 - [msg] is not a valid conversion word
ERROR in ch.qos.logback.core.pattern.parser.Compiler@7728643a - Failed to instantiate converter class [com.example.logging.SensitiveDataConverter] for keyword [msg] ch.qos.logback.core.util.DynamicClassLoadingException: Failed to instantiate type com.example.logging.SensitiveDataConverter
ERROR in ch.qos.logback.core.pattern.parser.Compiler@7728643a - [msg] is not a valid conversion word
	at org.springframework.boot.logging.logback.LogbackLoggingSystem.reportConfigurationErrorsIfNecessary(LogbackLoggingSystem.java:284)
	at org.springframework.boot.logging.logback.LogbackLoggingSystem.loadConfiguration(LogbackLoggingSystem.java:262)
	at org.springframework.boot.logging.AbstractLoggingSystem.initializeWithConventions(AbstractLoggingSystem.java:81)
	at org.springframework.boot.logging.AbstractLoggingSystem.initialize(AbstractLoggingSystem.java:61)
	at org.springframework.boot.logging.logback.LogbackLoggingSystem.initialize(LogbackLoggingSystem.java:193)
	at org.springframework.boot.context.logging.LoggingApplicationListener.initializeSystem(LoggingApplicationListener.java:332)
	... 19 common frames omitted
	Suppressed: ch.qos.logback.core.util.DynamicClassLoadingException: Failed to instantiate type com.example.logging.SensitiveDataConverter
		at ch.qos.logback.core.util.OptionHelper.instantiateByClassNameAndParameter(OptionHelper.java:69)
		at ch.qos.logback.core.util.OptionHelper.instantiateByClassName(OptionHelper.java:44)
		at ch.qos.logback.core.util.OptionHelper.instantiateByClassName(OptionHelper.java:33)
		at ch.qos.logback.core.pattern.parser.Compiler.createConverter(Compiler.java:103)
		at ch.qos.logback.core.pattern.parser.Compiler.compile(Compiler.java:63)
		at ch.qos.logback.core.pattern.parser.Parser.compile(Parser.java:87)
		at ch.qos.logback.core.pattern.PatternLayoutBase.start(PatternLayoutBase.java:85)
		at ch.qos.logback.classic.encoder.PatternLayoutEncoder.start(PatternLayoutEncoder.java:28)
		at ch.qos.logback.core.model.processor.ImplicitModelHandler.postHandleComplex(ImplicitModelHandler.java:207)
		at ch.qos.logback.core.model.processor.ImplicitModelHandler.postHandle(ImplicitModelHandler.java:186)
		at ch.qos.logback.core.model.processor.DefaultProcessor.secondPhaseTraverse(DefaultProcessor.java:257)
		at ch.qos.logback.core.model.processor.DefaultProcessor.secondPhaseTraverse(DefaultProcessor.java:253)
		at ch.qos.logback.core.model.processor.DefaultProcessor.secondPhaseTraverse(DefaultProcessor.java:253)
		at ch.qos.logback.core.model.processor.DefaultProcessor.traversalLoop(DefaultProcessor.java:90)
		at ch.qos.logback.core.model.processor.DefaultProcessor.process(DefaultProcessor.java:106)
		at ch.qos.logback.core.joran.GenericXMLConfigurator.processModel(GenericXMLConfigurator.java:222)
		at org.springframework.boot.logging.logback.SpringBootJoranConfigurator.processModel(SpringBootJoranConfigurator.java:133)
		at ch.qos.logback.core.joran.GenericXMLConfigurator.doConfigure(GenericXMLConfigurator.java:178)
		at ch.qos.logback.core.joran.GenericXMLConfigurator.doConfigure(GenericXMLConfigurator.java:123)
		at ch.qos.logback.core.joran.GenericXMLConfigurator.doConfigure(GenericXMLConfigurator.java:66)
		at org.springframework.boot.logging.logback.LogbackLoggingSystem.configureByResourceUrl(LogbackLoggingSystem.java:294)
		at org.springframework.boot.logging.logback.LogbackLoggingSystem.lambda$loadConfiguration$1(LogbackLoggingSystem.java:255)
		at org.springframework.boot.logging.logback.LogbackLoggingSystem.withLoggingSuppressed(LogbackLoggingSystem.java:474)
		at org.springframework.boot.logging.logback.LogbackLoggingSystem.loadConfiguration(LogbackLoggingSystem.java:249)
		... 23 common frames omitted
	Caused by: java.lang.ClassNotFoundException: com.example.logging.SensitiveDataConverter
		at java.base/jdk.internal.loader.BuiltinClassLoader.loadClass(BuiltinClassLoader.java:641)
		at java.base/jdk.internal.loader.ClassLoaders$AppClassLoader.loadClass(ClassLoaders.java:188)
		at java.base/java.lang.ClassLoader.loadClass(ClassLoader.java:525)
		at ch.qos.logback.core.util.OptionHelper.instantiateByClassNameAndParameter(OptionHelper.java:56)
		... 46 common frames omitted
	Suppressed: ch.qos.logback.core.util.DynamicClassLoadingException: Failed to instantiate type com.example.logging.SensitiveDataConverter
		at ch.qos.logback.core.util.OptionHelper.instantiateByClassNameAndParameter(OptionHelper.java:69)
		at ch.qos.logback.core.util.OptionHelper.instantiateByClassName(OptionHelper.java:44)
		at ch.qos.logback.core.util.OptionHelper.instantiateByClassName(OptionHelper.java:33)
		at ch.qos.logback.core.pattern.parser.Compiler.createConverter(Compiler.java:103)
		at ch.qos.logback.core.pattern.parser.Compiler.compile(Compiler.java:63)
		at ch.qos.logback.core.pattern.parser.Parser.compile(Parser.java:87)
		at ch.qos.logback.core.pattern.PatternLayoutBase.start(PatternLayoutBase.java:85)
		at ch.qos.logback.classic.encoder.PatternLayoutEncoder.start(PatternLayoutEncoder.java:28)
		at ch.qos.logback.core.model.processor.ImplicitModelHandler.postHandleComplex(ImplicitModelHandler.java:207)
		at ch.qos.logback.core.model.processor.ImplicitModelHandler.postHandle(ImplicitModelHandler.java:186)
		at ch.qos.logback.core.model.processor.DefaultProcessor.secondPhaseTraverse(DefaultProcessor.java:257)
		at ch.qos.logback.core.model.processor.DefaultProcessor.secondPhaseTraverse(DefaultProcessor.java:253)
		at ch.qos.logback.core.model.processor.DefaultProcessor.secondPhaseTraverse(DefaultProcessor.java:253)
		at ch.qos.logback.core.model.processor.DefaultProcessor.traversalLoop(DefaultProcessor.java:90)
		at ch.qos.logback.core.model.processor.DefaultProcessor.process(DefaultProcessor.java:106)
		at ch.qos.logback.core.joran.GenericXMLConfigurator.processModel(GenericXMLConfigurator.java:222)
		at org.springframework.boot.logging.logback.SpringBootJoranConfigurator.processModel(SpringBootJoranConfigurator.java:133)
		at ch.qos.logback.core.joran.GenericXMLConfigurator.doConfigure(GenericXMLConfigurator.java:178)
		at ch.qos.logback.core.joran.GenericXMLConfigurator.doConfigure(GenericXMLConfigurator.java:123)
		at ch.qos.logback.core.joran.GenericXMLConfigurator.doConfigure(GenericXMLConfigurator.java:66)
		at org.springframework.boot.logging.logback.LogbackLoggingSystem.configureByResourceUrl(LogbackLoggingSystem.java:294)
		at org.springframework.boot.logging.logback.LogbackLoggingSystem.lambda$loadConfiguration$1(LogbackLoggingSystem.java:255)
		at org.springframework.boot.logging.logback.LogbackLoggingSystem.withLoggingSuppressed(LogbackLoggingSystem.java:474)
		at org.springframework.boot.logging.logback.LogbackLoggingSystem.loadConfiguration(LogbackLoggingSystem.java:249)
		... 23 common frames omitted
	Caused by: java.lang.ClassNotFoundException: com.example.logging.SensitiveDataConverter
		at java.base/jdk.internal.loader.BuiltinClassLoader.loadClass(BuiltinClassLoader.java:641)
		at java.base/jdk.internal.loader.ClassLoaders$AppClassLoader.loadClass(ClassLoaders.java:188)
		at java.base/java.lang.ClassLoader.loadClass(ClassLoader.java:525)
		at ch.qos.logback.core.util.OptionHelper.instantiateByClassNameAndParameter(OptionHelper.java:56)
		... 46 common frames omitted
2025-12-02 15:14:29.488 [main] ERROR o.s.boot.SpringApplication - %PARSER_ERROR[msg]
java.lang.IllegalStateException: java.lang.IllegalStateException: Logback configuration error detected: 
ERROR in ch.qos.logback.core.pattern.parser.Compiler@320e400 - Failed to instantiate converter class [com.example.logging.SensitiveDataConverter] for keyword [msg] ch.qos.logback.core.util.DynamicClassLoadingException: Failed to instantiate type com.example.logging.SensitiveDataConverter
ERROR in ch.qos.logback.core.pattern.parser.Compiler@320e400 - [msg] is not a valid conversion word
ERROR in ch.qos.logback.core.pattern.parser.Compiler@5167268 - Failed to instantiate converter class [com.example.logging.SensitiveDataConverter] for keyword [msg] ch.qos.logback.core.util.DynamicClassLoadingException: Failed to instantiate type com.example.logging.SensitiveDataConverter
ERROR in ch.qos.logback.core.pattern.parser.Compiler@5167268 - [msg] is not a valid conversion word
	at org.springframework.boot.context.logging.LoggingApplicationListener.initializeSystem(LoggingApplicationListener.java:347)
	at org.springframework.boot.context.logging.LoggingApplicationListener.initialize(LoggingApplicationListener.java:298)
	at org.springframework.boot.context.logging.LoggingApplicationListener.onApplicationEnvironmentPreparedEvent(LoggingApplicationListener.java:246)
	at org.springframework.boot.context.logging.LoggingApplicationListener.onApplicationEvent(LoggingApplicationListener.java:223)
	at org.springframework.context.event.SimpleApplicationEventMulticaster.doInvokeListener(SimpleApplicationEventMulticaster.java:185)
	at org.springframework.context.event.SimpleApplicationEventMulticaster.invokeListener(SimpleApplicationEventMulticaster.java:178)
	at org.springframework.context.event.SimpleApplicationEventMulticaster.multicastEvent(SimpleApplicationEventMulticaster.java:156)
	at org.springframework.context.event.SimpleApplicationEventMulticaster.multicastEvent(SimpleApplicationEventMulticaster.java:138)
	at org.springframework.boot.context.event.EventPublishingRunListener.multicastInitialEvent(EventPublishingRunListener.java:136)
	at org.springframework.boot.context.event.EventPublishingRunListener.environmentPrepared(EventPublishingRunListener.java:81)
	at org.springframework.boot.SpringApplicationRunListeners.lambda$environmentPrepared$2(SpringApplicationRunListeners.java:64)
	at java.base/java.lang.Iterable.forEach(Iterable.java:75)
	at org.springframework.boot.SpringApplicationRunListeners.doWithListeners(SpringApplicationRunListeners.java:118)
	at org.springframework.boot.SpringApplicationRunListeners.doWithListeners(SpringApplicationRunListeners.java:112)
	at org.springframework.boot.SpringApplicationRunListeners.environmentPrepared(SpringApplicationRunListeners.java:63)
	at org.springframework.boot.SpringApplication.prepareEnvironment(SpringApplication.java:370)
	at org.springframework.boot.SpringApplication.run(SpringApplication.java:330)
	at org.springframework.boot.SpringApplication.run(SpringApplication.java:1363)
	at org.springframework.boot.SpringApplication.run(SpringApplication.java:1352)
	at com.qbit.framework.DemoApplication.main(DemoApplication.java:14)
Caused by: java.lang.IllegalStateException: Logback configuration error detected: 
ERROR in ch.qos.logback.core.pattern.parser.Compiler@320e400 - Failed to instantiate converter class [com.example.logging.SensitiveDataConverter] for keyword [msg] ch.qos.logback.core.util.DynamicClassLoadingException: Failed to instantiate type com.example.logging.SensitiveDataConverter
ERROR in ch.qos.logback.core.pattern.parser.Compiler@320e400 - [msg] is not a valid conversion word
ERROR in ch.qos.logback.core.pattern.parser.Compiler@5167268 - Failed to instantiate converter class [com.example.logging.SensitiveDataConverter] for keyword [msg] ch.qos.logback.core.util.DynamicClassLoadingException: Failed to instantiate type com.example.logging.SensitiveDataConverter
ERROR in ch.qos.logback.core.pattern.parser.Compiler@5167268 - [msg] is not a valid conversion word
	at org.springframework.boot.logging.logback.LogbackLoggingSystem.reportConfigurationErrorsIfNecessary(LogbackLoggingSystem.java:284)
	at org.springframework.boot.logging.logback.LogbackLoggingSystem.loadConfiguration(LogbackLoggingSystem.java:262)
	at org.springframework.boot.logging.AbstractLoggingSystem.initializeWithConventions(AbstractLoggingSystem.java:81)
	at org.springframework.boot.logging.AbstractLoggingSystem.initialize(AbstractLoggingSystem.java:61)
	at org.springframework.boot.logging.logback.LogbackLoggingSystem.initialize(LogbackLoggingSystem.java:193)
	at org.springframework.boot.context.logging.LoggingApplicationListener.initializeSystem(LoggingApplicationListener.java:332)
	... 19 common frames omitted
	Suppressed: ch.qos.logback.core.util.DynamicClassLoadingException: Failed to instantiate type com.example.logging.SensitiveDataConverter
		at ch.qos.logback.core.util.OptionHelper.instantiateByClassNameAndParameter(OptionHelper.java:69)
		at ch.qos.logback.core.util.OptionHelper.instantiateByClassName(OptionHelper.java:44)
		at ch.qos.logback.core.util.OptionHelper.instantiateByClassName(OptionHelper.java:33)
		at ch.qos.logback.core.pattern.parser.Compiler.createConverter(Compiler.java:103)
		at ch.qos.logback.core.pattern.parser.Compiler.compile(Compiler.java:63)
		at ch.qos.logback.core.pattern.parser.Parser.compile(Parser.java:87)
		at ch.qos.logback.core.pattern.PatternLayoutBase.start(PatternLayoutBase.java:85)
		at ch.qos.logback.classic.encoder.PatternLayoutEncoder.start(PatternLayoutEncoder.java:28)
		at ch.qos.logback.core.model.processor.ImplicitModelHandler.postHandleComplex(ImplicitModelHandler.java:207)
		at ch.qos.logback.core.model.processor.ImplicitModelHandler.postHandle(ImplicitModelHandler.java:186)
		at ch.qos.logback.core.model.processor.DefaultProcessor.secondPhaseTraverse(DefaultProcessor.java:257)
		at ch.qos.logback.core.model.processor.DefaultProcessor.secondPhaseTraverse(DefaultProcessor.java:253)
		at ch.qos.logback.core.model.processor.DefaultProcessor.secondPhaseTraverse(DefaultProcessor.java:253)
		at ch.qos.logback.core.model.processor.DefaultProcessor.traversalLoop(DefaultProcessor.java:90)
		at ch.qos.logback.core.model.processor.DefaultProcessor.process(DefaultProcessor.java:106)
		at ch.qos.logback.core.joran.GenericXMLConfigurator.processModel(GenericXMLConfigurator.java:222)
		at org.springframework.boot.logging.logback.SpringBootJoranConfigurator.processModel(SpringBootJoranConfigurator.java:133)
		at ch.qos.logback.core.joran.GenericXMLConfigurator.doConfigure(GenericXMLConfigurator.java:178)
		at ch.qos.logback.core.joran.GenericXMLConfigurator.doConfigure(GenericXMLConfigurator.java:123)
		at ch.qos.logback.core.joran.GenericXMLConfigurator.doConfigure(GenericXMLConfigurator.java:66)
		at org.springframework.boot.logging.logback.LogbackLoggingSystem.configureByResourceUrl(LogbackLoggingSystem.java:294)
		at org.springframework.boot.logging.logback.LogbackLoggingSystem.lambda$loadConfiguration$1(LogbackLoggingSystem.java:255)
		at org.springframework.boot.logging.logback.LogbackLoggingSystem.withLoggingSuppressed(LogbackLoggingSystem.java:474)
		at org.springframework.boot.logging.logback.LogbackLoggingSystem.loadConfiguration(LogbackLoggingSystem.java:249)
		... 23 common frames omitted
	Caused by: java.lang.ClassNotFoundException: com.example.logging.SensitiveDataConverter
		at java.base/jdk.internal.loader.BuiltinClassLoader.loadClass(BuiltinClassLoader.java:641)
		at java.base/jdk.internal.loader.ClassLoaders$AppClassLoader.loadClass(ClassLoaders.java:188)
		at java.base/java.lang.ClassLoader.loadClass(ClassLoader.java:525)
		at ch.qos.logback.core.util.OptionHelper.instantiateByClassNameAndParameter(OptionHelper.java:56)
		... 46 common frames omitted
	Suppressed: ch.qos.logback.core.util.DynamicClassLoadingException: Failed to instantiate type com.example.logging.SensitiveDataConverter
		at ch.qos.logback.core.util.OptionHelper.instantiateByClassNameAndParameter(OptionHelper.java:69)
		at ch.qos.logback.core.util.OptionHelper.instantiateByClassName(OptionHelper.java:44)
		at ch.qos.logback.core.util.OptionHelper.instantiateByClassName(OptionHelper.java:33)
		at ch.qos.logback.core.pattern.parser.Compiler.createConverter(Compiler.java:103)
		at ch.qos.logback.core.pattern.parser.Compiler.compile(Compiler.java:63)
		at ch.qos.logback.core.pattern.parser.Parser.compile(Parser.java:87)
		at ch.qos.logback.core.pattern.PatternLayoutBase.start(PatternLayoutBase.java:85)
		at ch.qos.logback.classic.encoder.PatternLayoutEncoder.start(PatternLayoutEncoder.java:28)
		at ch.qos.logback.core.model.processor.ImplicitModelHandler.postHandleComplex(ImplicitModelHandler.java:207)
		at ch.qos.logback.core.model.processor.ImplicitModelHandler.postHandle(ImplicitModelHandler.java:186)
		at ch.qos.logback.core.model.processor.DefaultProcessor.secondPhaseTraverse(DefaultProcessor.java:257)
		at ch.qos.logback.core.model.processor.DefaultProcessor.secondPhaseTraverse(DefaultProcessor.java:253)
		at ch.qos.logback.core.model.processor.DefaultProcessor.secondPhaseTraverse(DefaultProcessor.java:253)
		at ch.qos.logback.core.model.processor.DefaultProcessor.traversalLoop(DefaultProcessor.java:90)
		at ch.qos.logback.core.model.processor.DefaultProcessor.process(DefaultProcessor.java:106)
		at ch.qos.logback.core.joran.GenericXMLConfigurator.processModel(GenericXMLConfigurator.java:222)
		at org.springframework.boot.logging.logback.SpringBootJoranConfigurator.processModel(SpringBootJoranConfigurator.java:133)
		at ch.qos.logback.core.joran.GenericXMLConfigurator.doConfigure(GenericXMLConfigurator.java:178)
		at ch.qos.logback.core.joran.GenericXMLConfigurator.doConfigure(GenericXMLConfigurator.java:123)
		at ch.qos.logback.core.joran.GenericXMLConfigurator.doConfigure(GenericXMLConfigurator.java:66)
		at org.springframework.boot.logging.logback.LogbackLoggingSystem.configureByResourceUrl(LogbackLoggingSystem.java:294)
		at org.springframework.boot.logging.logback.LogbackLoggingSystem.lambda$loadConfiguration$1(LogbackLoggingSystem.java:255)
		at org.springframework.boot.logging.logback.LogbackLoggingSystem.withLoggingSuppressed(LogbackLoggingSystem.java:474)
		at org.springframework.boot.logging.logback.LogbackLoggingSystem.loadConfiguration(LogbackLoggingSystem.java:249)
		... 23 common frames omitted
	Caused by: java.lang.ClassNotFoundException: com.example.logging.SensitiveDataConverter
		at java.base/jdk.internal.loader.BuiltinClassLoader.loadClass(BuiltinClassLoader.java:641)
		at java.base/jdk.internal.loader.ClassLoaders$AppClassLoader.loadClass(ClassLoaders.java:188)
		at java.base/java.lang.ClassLoader.loadClass(ClassLoader.java:525)
		at ch.qos.logback.core.util.OptionHelper.instantiateByClassNameAndParameter(OptionHelper.java:56)
		... 46 common frames omitted
2025-12-02 15:14:40.535 [main] INFO  com.qbit.framework.DemoApplication - Starting DemoApplication using Java 17.0.15 with PID 8740 (C:\Users\muyue\IdeaProjects\spring-boot-infra-starter\tests\target\classes started by muyue in C:\Users\muyue\IdeaProjects\spring-boot-infra-starter)
2025-12-02 15:14:40.541 [main] INFO  com.qbit.framework.DemoApplication - No active profile set, falling back to 1 default profile: "default"
2025-12-02 15:14:41.755 [main] INFO  o.s.cloud.context.scope.GenericScope - BeanFactory id=6b5d8248-14d7-33a7-a8dd-37cfde2ba785
2025-12-02 15:14:42.202 [main] INFO  o.s.b.w.e.tomcat.TomcatWebServer - Tomcat initialized with port 8080 (http)
2025-12-02 15:14:42.221 [main] INFO  o.a.coyote.http11.Http11NioProtocol - Initializing ProtocolHandler ["http-nio-8080"]
2025-12-02 15:14:42.229 [main] INFO  o.a.catalina.core.StandardService - Starting service [Tomcat]
2025-12-02 15:14:42.229 [main] INFO  o.a.catalina.core.StandardEngine - Starting Servlet engine: [Apache Tomcat/10.1.28]
2025-12-02 15:14:42.320 [main] INFO  o.a.c.c.C.[Tomcat].[localhost].[/] - Initializing Spring embedded WebApplicationContext
2025-12-02 15:14:42.320 [main] INFO  o.s.b.w.s.c.ServletWebServerApplicationContext - Root WebApplicationContext: initialization completed in 1697 ms
2025-12-02 15:14:43.581 [main] INFO  o.a.coyote.http11.Http11NioProtocol - Starting ProtocolHandler ["http-nio-8080"]
2025-12-02 15:14:43.598 [main] INFO  o.s.b.w.e.tomcat.TomcatWebServer - Tomcat started on port 8080 (http) with context path '/'
2025-12-02 15:14:44.615 [main] INFO  com.qbit.framework.DemoApplication - Started DemoApplication in 6.196 seconds (process running for 7.398)
2025-12-02 15:14:44.615 [main] INFO  c.q.f.b.s.s.i.ApplicationStartedListener - begin execute SystemInitializer
2025-12-02 15:14:44.618 [main] INFO  c.q.f.b.s.s.i.SpringI18nMessageSourceInitializer - enabled i18n supported
2025-12-02 15:14:44.619 [main] WARN  c.q.f.b.s.s.i.ExceptionCodeInitializer - Failed to initialize BusinessCodeService for CustomerCodeUtils
org.springframework.beans.factory.NoSuchBeanDefinitionException: No qualifying bean of type 'com.qbit.framework.business.service.starter.exception.BusinessCodeService' available
	at org.springframework.beans.factory.support.DefaultListableBeanFactory.getBean(DefaultListableBeanFactory.java:343)
	at org.springframework.beans.factory.support.DefaultListableBeanFactory.getBean(DefaultListableBeanFactory.java:334)
	at org.springframework.context.support.AbstractApplicationContext.getBean(AbstractApplicationContext.java:1261)
	at com.qbit.framework.business.service.starter.initializer.ExceptionCodeInitializer.initialize(ExceptionCodeInitializer.java:20)
	at com.qbit.framework.business.service.starter.initializer.ApplicationStartedListener.lambda$execSystemInitializers$0(ApplicationStartedListener.java:61)
	at java.base/java.util.stream.ForEachOps$ForEachOp$OfRef.accept(ForEachOps.java:183)
	at java.base/java.util.stream.ReferencePipeline$2$1.accept(ReferencePipeline.java:179)
	at java.base/java.util.ArrayList$ArrayListSpliterator.forEachRemaining(ArrayList.java:1625)
	at java.base/java.util.stream.AbstractPipeline.copyInto(AbstractPipeline.java:509)
	at java.base/java.util.stream.AbstractPipeline.wrapAndCopyInto(AbstractPipeline.java:499)
	at java.base/java.util.stream.ForEachOps$ForEachOp.evaluateSequential(ForEachOps.java:150)
	at java.base/java.util.stream.ForEachOps$ForEachOp$OfRef.evaluateSequential(ForEachOps.java:173)
	at java.base/java.util.stream.AbstractPipeline.evaluate(AbstractPipeline.java:234)
	at java.base/java.util.stream.ReferencePipeline.forEach(ReferencePipeline.java:596)
	at com.qbit.framework.business.service.starter.initializer.ApplicationStartedListener.execSystemInitializers(ApplicationStartedListener.java:61)
	at com.qbit.framework.business.service.starter.initializer.ApplicationStartedListener.onApplicationEvent(ApplicationStartedListener.java:38)
	at com.qbit.framework.business.service.starter.initializer.ApplicationStartedListener.onApplicationEvent(ApplicationStartedListener.java:21)
	at org.springframework.context.event.SimpleApplicationEventMulticaster.doInvokeListener(SimpleApplicationEventMulticaster.java:185)
	at org.springframework.context.event.SimpleApplicationEventMulticaster.invokeListener(SimpleApplicationEventMulticaster.java:178)
	at org.springframework.context.event.SimpleApplicationEventMulticaster.multicastEvent(SimpleApplicationEventMulticaster.java:156)
	at org.springframework.context.support.AbstractApplicationContext.publishEvent(AbstractApplicationContext.java:452)
	at org.springframework.context.support.AbstractApplicationContext.publishEvent(AbstractApplicationContext.java:385)
	at org.springframework.boot.context.event.EventPublishingRunListener.started(EventPublishingRunListener.java:103)
	at org.springframework.boot.SpringApplicationRunListeners.lambda$started$5(SpringApplicationRunListeners.java:76)
	at java.base/java.lang.Iterable.forEach(Iterable.java:75)
	at org.springframework.boot.SpringApplicationRunListeners.doWithListeners(SpringApplicationRunListeners.java:118)
	at org.springframework.boot.SpringApplicationRunListeners.doWithListeners(SpringApplicationRunListeners.java:112)
	at org.springframework.boot.SpringApplicationRunListeners.started(SpringApplicationRunListeners.java:76)
	at org.springframework.boot.SpringApplication.run(SpringApplication.java:341)
	at org.springframework.boot.SpringApplication.run(SpringApplication.java:1363)
	at org.springframework.boot.SpringApplication.run(SpringApplication.java:1352)
	at com.qbit.framework.DemoApplication.main(DemoApplication.java:14)
2025-12-02 15:14:44.622 [main] INFO  c.q.f.b.s.s.i.ApplicationStartedListener - SystemInitializer execute end, use times = 0.0043842 seconds
2025-12-02 15:15:01.945 [http-nio-8080-exec-1] INFO  o.a.c.c.C.[Tomcat].[localhost].[/] - Initializing Spring DispatcherServlet 'dispatcherServlet'
2025-12-02 15:15:01.945 [http-nio-8080-exec-1] INFO  o.s.web.servlet.DispatcherServlet - Initializing Servlet 'dispatcherServlet'
2025-12-02 15:15:01.945 [http-nio-8080-exec-1] INFO  o.s.web.servlet.DispatcherServlet - Completed initialization in 0 ms
2025-12-02 15:15:02.005 [http-nio-8080-exec-1] INFO  c.q.f.controller.TestController - 用户手机号: 138****5678
2025-12-02 15:15:02.005 [http-nio-8080-exec-1] INFO  c.q.f.controller.TestController - 身份证号: 1101****1199****11234
2025-12-02 15:15:02.006 [http-nio-8080-exec-1] INFO  c.q.f.controller.TestController - 邮箱地址: zha***@qq.com
2025-12-02 15:15:02.006 [http-nio-8080-exec-1] INFO  c.q.f.controller.TestController - 用户登录信息: username=zhangsan, password: ******
2025-12-02 15:15:02.006 [http-nio-8080-exec-1] INFO  c.q.f.controller.TestController - 银行卡号: 622202********91234
2025-12-02 15:15:02.031 [http-nio-8080-exec-1] INFO  c.q.f.b.s.s.filter.ApiLoggingFilter - GET /test, client=0:0:0:0:0:0:0:1, headers=[host:"localhost:8080", connection:"keep-alive", sec-ch-ua:""Chromium";v="142", "Google Chrome";v="142", "Not_A Brand";v="99"", sec-ch-ua-mobile:"?0", sec-ch-ua-platform:""Windows"", dnt:"1", upgrade-insecure-requests:"1", user-agent:"Mozilla/5.0 (Windows NT 10.0; Win64; x64) AppleWebKit/537.36 (KHTML, like Gecko) Chrome/142.0.0.0 Safari/537.36", accept:"text/html,application/xhtml+xml,application/xml;q=0.9,image/avif,image/webp,image/apng,*/*;q=0.8,application/signed-exchange;v=b3;q=0.7", sec-fetch-site:"none", sec-fetch-mode:"navigate", sec-fetch-user:"?1", sec-fetch-dest:"document", accept-encoding:"gzip, deflate, br, zstd", accept-language:"zh-CN,zh;q=0.9,en-US;q=0.8,en;q=0.7,ja;q=0.6"]]
2025-12-02 15:15:02.372 [http-nio-8080-exec-5] INFO  c.q.f.b.s.s.filter.ApiLoggingFilter - GET /favicon.ico, client=0:0:0:0:0:0:0:1, headers=[host:"localhost:8080", connection:"keep-alive", sec-ch-ua-platform:""Windows"", user-agent:"Mozilla/5.0 (Windows NT 10.0; Win64; x64) AppleWebKit/537.36 (KHTML, like Gecko) Chrome/142.0.0.0 Safari/537.36", sec-ch-ua:""Chromium";v="142", "Google Chrome";v="142", "Not_A Brand";v="99"", dnt:"1", sec-ch-ua-mobile:"?0", accept:"image/avif,image/webp,image/apng,image/svg+xml,image/*,*/*;q=0.8", sec-fetch-site:"same-origin", sec-fetch-mode:"no-cors", sec-fetch-dest:"image", referer:"http://localhost:8080/test", accept-encoding:"gzip, deflate, br, zstd", accept-language:"zh-CN,zh;q=0.9,en-US;q=0.8,en;q=0.7,ja;q=0.6"]]
